2022-02-04 00:02:29 INFO  RecursivelyMachineService:36 - Found (https://apps.apple.com/us/story/id1268804515?ign-itscg=as10036&ign-itsct=OT_SC05_PT083_US_SI1268804515#ac-gn-menustate) link
2022-02-04 00:02:29 INFO  RecursivelyMachineService:30 - ***Visiting*** Received web page at https://apps.apple.com/us/story/id1268804515?ign-itscg=as10036&ign-itsct=OT_SC05_PT083_US_SI1268804515#
2022-02-04 00:02:29 INFO  RecursivelyMachineService:36 - Found (https://apps.apple.com/us/story/id1268804515?ign-itscg=as10036&ign-itsct=OT_SC05_PT083_US_SI1268804515#) link
2022-02-04 00:02:29 INFO  RecursivelyMachineService:36 - Found (https://apps.apple.com/us/story/id1268804515?ign-itscg=as10036&ign-itsct=OT_SC05_PT083_US_SI1268804515#) link
2022-02-04 00:02:29 INFO  RecursivelyMachineService:36 - Found (https://apps.apple.com/us/story/id1268804515?ign-itscg=as10036&ign-itsct=OT_SC05_PT083_US_SI1268804515#) link
2022-02-04 00:02:29 INFO  RecursivelyMachineService:36 - Found (https://apps.apple.com/us/story/id1268804515?ign-itscg=as10036&ign-itsct=OT_SC05_PT083_US_SI1268804515#) link
2022-02-04 00:02:29 INFO  RecursivelyMachineService:36 - Found (https://apps.apple.com/us/story/id1268804515?ign-itscg=as10036&ign-itsct=OT_SC05_PT083_US_SI1268804515#) link
2022-02-04 00:02:29 INFO  RecursivelyMachineService:36 - Found (https://apps.apple.com/us/story/id1268804515?ign-itscg=as10036&ign-itsct=OT_SC05_PT083_US_SI1268804515#) link
2022-02-04 00:02:29 INFO  RecursivelyMachineService:36 - Found (https://apps.apple.com/us/story/id1268804515?ign-itscg=as10036&ign-itsct=OT_SC05_PT083_US_SI1268804515#) link
2022-02-04 00:02:29 INFO  RecursivelyMachineService:36 - Found (https://apps.apple.com/us/story/id1268804515?ign-itscg=as10036&ign-itsct=OT_SC05_PT083_US_SI1268804515#) link
2022-02-04 00:02:29 INFO  RecursivelyMachineService:36 - Found (https://apps.apple.com/us/story/id1268804515?ign-itscg=as10036&ign-itsct=OT_SC05_PT083_US_SI1268804515#) link
2022-02-04 00:02:29 INFO  RecursivelyMachineService:36 - Found (https://apps.apple.com/us/story/id1268804515?ign-itscg=as10036&ign-itsct=OT_SC05_PT083_US_SI1268804515#) link
2022-02-04 00:02:29 INFO  RecursivelyMachineService:36 - Found (https://apps.apple.com/us/story/id1268804515?ign-itscg=as10036&ign-itsct=OT_SC05_PT083_US_SI1268804515#) link
2022-02-04 00:02:29 INFO  RecursivelyMachineService:36 - Found (https://apps.apple.com/us/story/id1268804515?ign-itscg=as10036&ign-itsct=OT_SC05_PT083_US_SI1268804515#) link
2022-02-04 00:02:29 INFO  RecursivelyMachineService:36 - Found (https://apps.apple.com/us/story/id1268804515?ign-itscg=as10036&ign-itsct=OT_SC05_PT083_US_SI1268804515#) link
2022-02-04 00:02:29 INFO  RecursivelyMachineService:36 - Found (https://apps.apple.com/us/story/id1268804515?ign-itscg=as10036&ign-itsct=OT_SC05_PT083_US_SI1268804515#) link
2022-02-04 00:02:29 INFO  RecursivelyMachineService:36 - Found (https://apps.apple.com/us/story/id1268804515?ign-itscg=as10036&ign-itsct=OT_SC05_PT083_US_SI1268804515#) link
2022-02-04 00:02:29 INFO  RecursivelyMachineService:36 - Found (https://apps.apple.com/us/story/id1268804515?ign-itscg=as10036&ign-itsct=OT_SC05_PT083_US_SI1268804515#) link
2022-02-04 00:02:29 INFO  RecursivelyMachineService:36 - Found (https://apps.apple.com/us/story/id1268804515?ign-itscg=as10036&ign-itsct=OT_SC05_PT083_US_SI1268804515#) link
2022-02-04 00:02:29 INFO  RecursivelyMachineService:36 - Found (https://apps.apple.com/us/story/id1268804515?ign-itscg=as10036&ign-itsct=OT_SC05_PT083_US_SI1268804515#) link
2022-02-04 00:02:29 INFO  RecursivelyMachineService:36 - Found (https://apps.apple.com/us/story/id1268804515?ign-itscg=as10036&ign-itsct=OT_SC05_PT083_US_SI1268804515#) link
2022-02-04 00:02:29 INFO  RecursivelyMachineService:30 - ***Visiting*** Received web page at https://www.apple.com/ios/app-store/
2022-02-04 00:02:29 INFO  RecursivelyMachineService:36 - Found (https://www.apple.com/app-store/) link
2022-02-04 00:02:29 INFO  RecursivelyMachineService:30 - ***Visiting*** Received web page at https://www.apple.com/app-store/#ac-gn-menustate
2022-02-04 00:02:29 INFO  RecursivelyMachineService:36 - Found (https://www.apple.com/app-store/#ac-gn-menustate) link
2022-02-04 00:02:29 INFO  RecursivelyMachineService:36 - Found (https://www.apple.com/app-store/#ac-gn-menustate) link
2022-02-04 00:02:29 INFO  RecursivelyMachineService:30 - ***Visiting*** Received web page at https://www.apple.com/app-store/#
2022-02-04 00:02:29 INFO  RecursivelyMachineService:36 - Found (https://www.apple.com/app-store/#) link
2022-02-04 00:02:29 INFO  RecursivelyMachineService:36 - Found (https://www.apple.com/app-store/#) link
2022-02-04 00:02:29 INFO  RecursivelyMachineService:36 - Found (https://www.apple.com/app-store/#) link
2022-02-04 00:02:29 INFO  RecursivelyMachineService:36 - Found (https://www.apple.com/app-store/#) link
2022-02-04 00:02:29 INFO  RecursivelyMachineService:36 - Found (https://www.apple.com/app-store/#) link
2022-02-04 00:02:29 INFO  RecursivelyMachineService:36 - Found (https://www.apple.com/app-store/#) link
2022-02-04 00:02:29 INFO  RecursivelyMachineService:36 - Found (https://www.apple.com/app-store/#) link
2022-02-04 00:02:29 INFO  RecursivelyMachineService:36 - Found (https://www.apple.com/app-store/#) link
2022-02-04 00:02:29 INFO  RecursivelyMachineService:36 - Found (https://www.apple.com/app-store/#) link
2022-02-04 00:02:29 INFO  RecursivelyMachineService:36 - Found (https://www.apple.com/app-store/#) link
2022-02-04 00:02:29 INFO  RecursivelyMachineService:36 - Found (https://www.apple.com/app-store/#) link
2022-02-04 00:02:29 INFO  RecursivelyMachineService:36 - Found (https://www.apple.com/app-store/#) link
2022-02-04 00:02:29 INFO  RecursivelyMachineService:36 - Found (https://www.apple.com/app-store/#) link
2022-02-04 00:02:29 INFO  RecursivelyMachineService:36 - Found (https://www.apple.com/app-store/#) link
2022-02-04 00:02:29 INFO  RecursivelyMachineService:36 - Found (https://www.apple.com/app-store/#) link
2022-02-04 00:02:29 INFO  RecursivelyMachineService:36 - Found (https://www.apple.com/app-store/#) link
2022-02-04 00:02:29 INFO  RecursivelyMachineService:36 - Found (https://www.apple.com/app-store/#) link
2022-02-04 00:02:29 INFO  RecursivelyMachineService:36 - Found (https://www.apple.com/app-store/#) link
2022-02-04 00:02:29 INFO  RecursivelyMachineService:36 - Found (https://www.apple.com/app-store/#) link
2022-02-04 00:02:29 INFO  RecursivelyMachineService:30 - ***Visiting*** Received web page at https://www.apple.com/app-store/
2022-02-04 00:02:29 INFO  RecursivelyMachineService:36 - Found (https://support.apple.com/en-us/HT210384) link
2022-02-04 00:02:29 INFO  RecursivelyMachineService:30 - ***Visiting*** Received web page at https://support.apple.com/en-us/HT210384#ac-gn-menustate
2022-02-04 00:02:29 INFO  RecursivelyMachineService:36 - Found (https://support.apple.com/en-us/HT210384#ac-gn-menustate) link
2022-02-04 00:02:29 INFO  RecursivelyMachineService:36 - Found (https://support.apple.com/en-us/HT210384#ac-gn-menustate) link
2022-02-04 00:02:29 INFO  RecursivelyMachineService:30 - ***Visiting*** Received web page at https://support.apple.com/en-us/HT210384#
2022-02-04 00:02:29 INFO  RecursivelyMachineService:36 - Found (https://support.apple.com/en-us/HT210384#) link
2022-02-04 00:02:29 INFO  RecursivelyMachineService:36 - Found (https://support.apple.com/en-us/HT210384#) link
2022-02-04 00:02:29 INFO  RecursivelyMachineService:36 - Found (https://support.apple.com/en-us/HT210384#) link
2022-02-04 00:02:29 INFO  RecursivelyMachineService:36 - Found (https://support.apple.com/en-us/HT210384#) link
2022-02-04 00:02:29 INFO  RecursivelyMachineService:36 - Found (https://support.apple.com/en-us/HT210384#) link
2022-02-04 00:02:29 INFO  RecursivelyMachineService:36 - Found (https://support.apple.com/en-us/HT210384#) link
2022-02-04 00:02:29 INFO  RecursivelyMachineService:36 - Found (https://support.apple.com/en-us/HT210384#) link
2022-02-04 00:02:29 INFO  RecursivelyMachineService:36 - Found (https://www.apple.com/app-store/) link
2022-02-04 00:02:29 INFO  RecursivelyMachineService:36 - Found (https://www.apple.com/app-store/) link
2022-02-04 00:02:29 INFO  RecursivelyMachineService:36 - Found (https://support.apple.com/en-us/HT210384#) link
2022-02-04 00:02:29 INFO  RecursivelyMachineService:36 - Found (https://www.apple.com/app-store/) link
2022-02-04 00:02:29 INFO  RecursivelyMachineService:36 - Found (https://www.apple.com/app-store/) link
2022-02-04 00:02:29 INFO  RecursivelyMachineService:36 - Found (https://www.apple.com/app-store/) link
2022-02-04 00:02:29 INFO  RecursivelyMachineService:36 - Found (https://support.apple.com/en-us/HT210384#) link
2022-02-04 00:02:29 INFO  RecursivelyMachineService:36 - Found (https://support.apple.com/en-us/HT210384#) link
2022-02-04 00:02:29 INFO  RecursivelyMachineService:36 - Found (https://www.apple.com/app-store/) link
2022-02-04 00:02:29 INFO  RecursivelyMachineService:36 - Found (https://support.apple.com/en-us/HT210384#) link
2022-02-04 00:02:29 INFO  RecursivelyMachineService:36 - Found (https://www.apple.com/app-store/) link
2022-02-04 00:02:29 INFO  RecursivelyMachineService:36 - Found (https://support.apple.com/en-us/HT210384#) link
2022-02-04 00:02:29 INFO  RecursivelyMachineService:36 - Found (https://support.apple.com/en-us/HT210384#) link
2022-02-04 00:02:29 INFO  RecursivelyMachineService:36 - Found (https://support.apple.com/en-us/HT210384#) link
2022-02-04 00:02:29 INFO  RecursivelyMachineService:36 - Found (https://www.apple.com/app-store/) link
2022-02-04 00:02:29 INFO  RecursivelyMachineService:36 - Found (https://support.apple.com/en-us/HT210384#) link
2022-02-04 00:02:29 INFO  RecursivelyMachineService:36 - Found (https://www.apple.com/app-store/) link
2022-02-04 00:02:29 INFO  RecursivelyMachineService:36 - Found (https://support.apple.com/en-us/HT210384#) link
2022-02-04 00:02:29 INFO  RecursivelyMachineService:36 - Found (https://www.apple.com/app-store/) link
2022-02-04 00:02:29 INFO  RecursivelyMachineService:36 - Found (https://www.apple.com/app-store/) link
2022-02-04 00:02:29 INFO  RecursivelyMachineService:36 - Found (https://www.apple.com/app-store/) link
2022-02-04 00:02:29 INFO  RecursivelyMachineService:36 - Found (https://support.apple.com/en-us/HT210384#) link
2022-02-04 00:02:29 INFO  RecursivelyMachineService:30 - ***Visiting*** Received web page at https://www.microsoft.com/p/itunes/9pb2mz1zmb1s?rtc=1&activetab=pivot:overviewtab
2022-02-04 00:02:29 INFO  RecursivelyMachineService:36 - Found (https://www.apple.com/app-store/) link
2022-02-04 00:02:29 INFO  RecursivelyMachineService:36 - Found (https://www.apple.com/app-store/) link
2022-02-04 00:02:29 INFO  RecursivelyMachineService:36 - Found (https://www.apple.com/app-store/) link
2022-02-04 00:02:29 INFO  RecursivelyMachineService:36 - Found (https://www.apple.com/app-store/) link
2022-02-04 00:02:29 INFO  RecursivelyMachineService:36 - Found (https://www.apple.com/app-store/) link
2022-02-04 00:02:29 INFO  RecursivelyMachineService:36 - Found (https://www.apple.com/app-store/) link
2022-02-04 00:02:29 INFO  RecursivelyMachineService:36 - Found (https://www.apple.com/app-store/) link
2022-02-04 00:02:29 INFO  RecursivelyMachineService:36 - Found (https://www.apple.com/app-store/) link
2022-02-04 00:02:29 INFO  RecursivelyMachineService:30 - ***Visiting*** Received web page at https://www.apple.com/app-store/#ac-ln-menustate
2022-02-04 00:02:29 INFO  RecursivelyMachineService:36 - Found (https://www.apple.com/app-store/#ac-ln-menustate) link
2022-02-04 00:02:29 INFO  RecursivelyMachineService:36 - Found (https://www.apple.com/app-store/#ac-ln-menustate) link
2022-02-04 00:02:29 INFO  RecursivelyMachineService:36 - Found (https://www.apple.com/app-store/#ac-ln-menustate) link
2022-02-04 00:02:29 INFO  RecursivelyMachineService:36 - Found (https://www.apple.com/app-store/#ac-ln-menustate) link
2022-02-04 00:02:29 INFO  RecursivelyMachineService:36 - Found (https://www.apple.com/app-store/#ac-ln-menustate) link
2022-02-04 00:02:29 INFO  RecursivelyMachineService:36 - Found (https://www.apple.com/app-store/#ac-ln-menustate) link
2022-02-04 00:02:29 INFO  RecursivelyMachineService:36 - Found (https://www.apple.com/app-store/#ac-ln-menustate) link
2022-02-04 00:02:29 INFO  RecursivelyMachineService:36 - Found (https://www.apple.com/app-store/#ac-ln-menustate) link
2022-02-04 00:02:29 INFO  RecursivelyMachineService:36 - Found (https://www.apple.com/app-store/#ac-ln-menustate) link
2022-02-04 00:02:29 INFO  RecursivelyMachineService:36 - Found (https://www.apple.com/app-store/#ac-ln-menustate) link
2022-02-04 00:02:29 INFO  RecursivelyMachineService:36 - Found (https://www.apple.com/app-store/#ac-ln-menustate) link
2022-02-04 00:02:29 INFO  RecursivelyMachineService:36 - Found (https://www.apple.com/app-store/#ac-ln-menustate) link
2022-02-04 00:02:29 INFO  RecursivelyMachineService:36 - Found (https://www.apple.com/app-store/#ac-ln-menustate) link
2022-02-04 00:02:29 INFO  RecursivelyMachineService:36 - Found (https://www.apple.com/app-store/#ac-ln-menustate) link
2022-02-04 00:02:29 INFO  RecursivelyMachineService:36 - Found (https://www.apple.com/app-store/#ac-ln-menustate) link
2022-02-04 00:02:29 INFO  RecursivelyMachineService:36 - Found (https://www.apple.com/app-store/#ac-ln-menustate) link
2022-02-04 00:02:29 INFO  RecursivelyMachineService:36 - Found (https://www.apple.com/app-store/#ac-ln-menustate) link
2022-02-04 00:02:29 INFO  RecursivelyMachineService:36 - Found (https://www.apple.com/app-store/#ac-ln-menustate) link
2022-02-04 00:02:29 INFO  RecursivelyMachineService:36 - Found (https://www.apple.com/app-store/#ac-ln-menustate) link
2022-02-04 00:02:29 INFO  RecursivelyMachineService:36 - Found (https://www.apple.com/app-store/#ac-ln-menustate) link
2022-02-04 00:02:29 INFO  RecursivelyMachineService:36 - Found (https://www.apple.com/app-store/#ac-ln-menustate) link
2022-02-04 00:02:29 INFO  RecursivelyMachineService:36 - Found (https://www.apple.com/app-store/#ac-ln-menustate) link
2022-02-04 00:02:29 INFO  RecursivelyMachineService:30 - ***Visiting*** Received web page at https://www.apple.com/app-store/developing-for-the-app-store/
2022-02-04 00:02:29 INFO  RecursivelyMachineService:36 - Found (https://www.apple.com/app-store/developing-for-the-app-store/) link
2022-02-04 00:02:29 INFO  RecursivelyMachineService:30 - ***Visiting*** Received web page at https://www.apple.com/app-store/developing-for-the-app-store/#ac-gn-menustate
2022-02-04 00:02:29 INFO  RecursivelyMachineService:36 - Found (https://www.apple.com/app-store/developing-for-the-app-store/#ac-gn-menustate) link
2022-02-04 00:02:29 INFO  RecursivelyMachineService:36 - Found (https://www.apple.com/app-store/developing-for-the-app-store/#ac-gn-menustate) link
2022-02-04 00:02:29 INFO  RecursivelyMachineService:30 - ***Visiting*** Received web page at https://www.apple.com/app-store/developing-for-the-app-store/#
2022-02-04 00:02:29 INFO  RecursivelyMachineService:36 - Found (https://www.apple.com/app-store/developing-for-the-app-store/#) link
2022-02-04 00:02:29 INFO  RecursivelyMachineService:36 - Found (https://www.apple.com/app-store/developing-for-the-app-store/#) link
2022-02-04 00:02:29 INFO  RecursivelyMachineService:36 - Found (https://www.apple.com/app-store/developing-for-the-app-store/#) link
2022-02-04 00:02:29 INFO  RecursivelyMachineService:36 - Found (https://www.apple.com/app-store/developing-for-the-app-store/#) link
2022-02-04 00:02:29 INFO  RecursivelyMachineService:36 - Found (https://www.apple.com/app-store/developing-for-the-app-store/#) link
2022-02-04 00:02:29 INFO  RecursivelyMachineService:36 - Found (https://www.apple.com/app-store/developing-for-the-app-store/#) link
2022-02-04 00:02:29 INFO  RecursivelyMachineService:36 - Found (https://www.apple.com/app-store/developing-for-the-app-store/#) link
2022-02-04 00:02:29 INFO  RecursivelyMachineService:36 - Found (https://www.apple.com/app-store/developing-for-the-app-store/#) link
2022-02-04 00:02:29 INFO  RecursivelyMachineService:36 - Found (https://www.apple.com/app-store/developing-for-the-app-store/#) link
2022-02-04 00:02:29 INFO  RecursivelyMachineService:36 - Found (https://www.apple.com/app-store/developing-for-the-app-store/#) link
2022-02-04 00:02:29 INFO  RecursivelyMachineService:36 - Found (https://www.apple.com/app-store/developing-for-the-app-store/#) link
2022-02-04 00:02:29 INFO  RecursivelyMachineService:36 - Found (https://www.apple.com/app-store/developing-for-the-app-store/#) link
2022-02-04 00:02:29 INFO  RecursivelyMachineService:36 - Found (https://www.apple.com/app-store/developing-for-the-app-store/#) link
2022-02-04 00:02:29 INFO  RecursivelyMachineService:36 - Found (https://www.apple.com/app-store/developing-for-the-app-store/#) link
2022-02-04 00:02:29 INFO  RecursivelyMachineService:36 - Found (https://www.apple.com/app-store/developing-for-the-app-store/#) link
2022-02-04 00:02:29 INFO  RecursivelyMachineService:36 - Found (https://www.apple.com/app-store/developing-for-the-app-store/#) link
2022-02-04 00:02:29 INFO  RecursivelyMachineService:36 - Found (https://www.apple.com/app-store/developing-for-the-app-store/#) link
2022-02-04 00:02:29 INFO  RecursivelyMachineService:36 - Found (https://www.apple.com/app-store/developing-for-the-app-store/#) link
2022-02-04 00:02:29 INFO  RecursivelyMachineService:36 - Found (https://www.apple.com/app-store/developing-for-the-app-store/#) link
2022-02-04 00:02:29 INFO  RecursivelyMachineService:36 - Found (https://www.apple.com/app-store/developing-for-the-app-store/#) link
2022-02-04 00:02:29 INFO  RecursivelyMachineService:30 - ***Visiting*** Received web page at https://www.apple.com/app-store/developing-for-the-app-store/#ac-ln-menustate
2022-02-04 00:02:29 INFO  RecursivelyMachineService:36 - Found (https://www.apple.com/app-store/developing-for-the-app-store/#ac-ln-menustate) link
2022-02-04 00:02:29 INFO  RecursivelyMachineService:36 - Found (https://www.apple.com/app-store/developing-for-the-app-store/#ac-ln-menustate) link
2022-02-04 00:02:29 INFO  RecursivelyMachineService:36 - Found (https://www.apple.com/app-store/developing-for-the-app-store/#ac-ln-menustate) link
2022-02-04 00:02:29 INFO  RecursivelyMachineService:36 - Found (https://www.apple.com/app-store/developing-for-the-app-store/#ac-ln-menustate) link
2022-02-04 00:02:29 INFO  RecursivelyMachineService:36 - Found (https://www.apple.com/app-store/developing-for-the-app-store/#ac-ln-menustate) link
2022-02-04 00:02:29 INFO  RecursivelyMachineService:36 - Found (https://www.apple.com/app-store/developing-for-the-app-store/#ac-ln-menustate) link
2022-02-04 00:02:29 INFO  RecursivelyMachineService:36 - Found (https://www.apple.com/app-store/developing-for-the-app-store/#ac-ln-menustate) link
2022-02-04 00:02:29 INFO  RecursivelyMachineService:36 - Found (https://www.apple.com/app-store/developing-for-the-app-store/#ac-ln-menustate) link
2022-02-04 00:02:29 INFO  RecursivelyMachineService:36 - Found (https://www.apple.com/app-store/developing-for-the-app-store/#ac-ln-menustate) link
2022-02-04 00:02:29 INFO  RecursivelyMachineService:36 - Found (https://www.apple.com/app-store/developing-for-the-app-store/#ac-ln-menustate) link
2022-02-04 00:02:29 INFO  RecursivelyMachineService:36 - Found (https://www.apple.com/app-store/developing-for-the-app-store/#ac-ln-menustate) link
2022-02-04 00:02:29 INFO  RecursivelyMachineService:36 - Found (https://www.apple.com/app-store/developing-for-the-app-store/#ac-ln-menustate) link
2022-02-04 00:02:29 INFO  RecursivelyMachineService:36 - Found (https://www.apple.com/app-store/developing-for-the-app-store/#ac-ln-menustate) link
2022-02-04 00:02:29 INFO  RecursivelyMachineService:36 - Found (https://www.apple.com/app-store/developing-for-the-app-store/#ac-ln-menustate) link
2022-02-04 00:02:29 INFO  RecursivelyMachineService:36 - Found (https://www.apple.com/app-store/developing-for-the-app-store/#ac-ln-menustate) link
2022-02-04 00:02:29 INFO  RecursivelyMachineService:36 - Found (https://www.apple.com/app-store/developing-for-the-app-store/#ac-ln-menustate) link
2022-02-04 00:02:29 INFO  RecursivelyMachineService:36 - Found (https://www.apple.com/app-store/developing-for-the-app-store/#ac-ln-menustate) link
2022-02-04 00:02:29 INFO  RecursivelyMachineService:36 - Found (https://www.apple.com/app-store/developing-for-the-app-store/#ac-ln-menustate) link
2022-02-04 00:02:29 INFO  RecursivelyMachineService:36 - Found (https://www.apple.com/app-store/developing-for-the-app-store/#ac-ln-menustate) link
2022-02-04 00:02:29 INFO  RecursivelyMachineService:36 - Found (https://www.apple.com/app-store/developing-for-the-app-store/#ac-ln-menustate) link
2022-02-04 00:02:29 INFO  RecursivelyMachineService:36 - Found (https://www.apple.com/app-store/developing-for-the-app-store/#ac-ln-menustate) link
2022-02-04 00:02:29 INFO  RecursivelyMachineService:36 - Found (https://www.apple.com/app-store/developing-for-the-app-store/#ac-ln-menustate) link
2022-02-04 00:02:29 INFO  RecursivelyMachineService:36 - Found (https://www.apple.com/app-store/developing-for-the-app-store/#ac-ln-menustate) link
2022-02-04 00:02:30 INFO  RecursivelyMachineService:36 - Found (https://www.microsoft.com/sv-se/p/itunes/9pb2mz1zmb1s?rtc=2&activetab=pivot:overviewtab) link
2022-02-04 00:04:10 INFO  Main:15 - Recursively Machine is started!
2022-02-04 00:04:10 INFO  Main:17 - core totaly: 4
2022-02-04 00:04:10 INFO  RecursivelyMachineService:30 - ***Visiting*** Received web page at https://tretton37.com/
2022-02-04 00:04:10 INFO  RecursivelyMachineService:30 - ***Visiting*** Received web page at https://tretton37.com/
2022-02-04 00:04:10 INFO  RecursivelyMachineService:30 - ***Visiting*** Received web page at https://tretton37.com/
2022-02-04 00:04:10 INFO  RecursivelyMachineService:30 - ***Visiting*** Received web page at https://tretton37.com/
